<?xml version="1.0" encoding="UTF-8"?>
<!-- Generated by org.testng.reporters.JUnitReportReporter -->
<testsuite hostname="DESKTOP-D0GUUQ9" failures="0" tests="2" name="tests.BuyTest" time="12.110" errors="0" timestamp="2025-10-24T18:36:20 IST" skipped="1">
  <testcase classname="tests.BuyTest" name="verifyAICSortingFunctionality" time="12.110">
    <system-out>
      <![CDATA[🔗 Sync initialized with driver instance: ChromeDriver: chrome on windows (ec3fb6df1ee7d2f47e3ddfe799c84050)
✅ Element(s) visible for XPath: //h6[text()='Buy '] (Waited 15 sec)
✅ Element(s) visible for XPath: //h6[text()='Buy '] (Waited 15 sec)
✅ Successfully clicked element with XPath: //h6[text()='Buy ']
⏸️ Thread paused for 5 seconds
✅ Element(s) visible for XPath: //label[text()='My Requirements ']//following::span[1] (Waited 15 sec)
✅ Element clickable for XPath: //label[text()='My Requirements ']//following::span[1] (Waited 5 sec)
✅ Successfully clicked element with XPath: //label[text()='My Requirements ']//following::span[1]
✅ Element(s) visible for XPath: //label[text()='My Requirements ']//following::a[2] (Waited 15 sec)
✅ Successfully clicked element with XPath: //label[text()='My Requirements ']//following::a[2]
✅ Element(s) visible for XPath: //label[text()='Properties found']//preceding::strong[1] (Waited 15 sec)
✅ Element(s) visible for XPath: //label[text()='Properties found']//preceding::strong[1] (Waited 15 sec)
Element with XPath: //label[text()='Properties found']//preceding::strong[1] is displayed: true
Retrieved text from element with XPath: //label[text()='Properties found']//preceding::strong[1]. Text: 4,176
✅ Element(s) visible for XPath: //label[text()='Sort by']//following::a[1] (Waited 15 sec)
✅ Element clickable for XPath: //label[text()='Sort by']//following::a[1] (Waited 15 sec)
✅ Successfully clicked element with XPath: //label[text()='Sort by']//following::a[1]
✅ Element(s) visible for XPath: //label[text()='Sort by']//following::a[3] (Waited 15 sec)
✅ Element clickable for XPath: //label[text()='Sort by']//following::a[3] (Waited 15 sec)
✅ Successfully clicked element with XPath: //label[text()='Sort by']//following::a[3]
✅ Element(s) visible for XPath: //label[text()='Sort by']//following::span[1] (Waited 15 sec)
✅ Element clickable for XPath: //label[text()='Sort by']//following::span[1] (Waited 15 sec)
✅ Successfully clicked element with XPath: //label[text()='Sort by']//following::span[1]]]>
    </system-out>
  </testcase> <!-- verifyAICSortingFunctionality -->
  <testcase classname="tests.BuyTest" name="verifyBuyFiltersFunctionality">
    <skipped/>
  </testcase> <!-- verifyBuyFiltersFunctionality -->
  <system-out>
    <![CDATA[🔗 Sync initialized with driver instance: ChromeDriver: chrome on windows (ec3fb6df1ee7d2f47e3ddfe799c84050)
✅ Element(s) visible for XPath: //h6[text()='Buy '] (Waited 15 sec)
✅ Element(s) visible for XPath: //h6[text()='Buy '] (Waited 15 sec)
✅ Successfully clicked element with XPath: //h6[text()='Buy ']
⏸️ Thread paused for 5 seconds
✅ Element(s) visible for XPath: //label[text()='My Requirements ']//following::span[1] (Waited 15 sec)
✅ Element clickable for XPath: //label[text()='My Requirements ']//following::span[1] (Waited 5 sec)
✅ Successfully clicked element with XPath: //label[text()='My Requirements ']//following::span[1]
✅ Element(s) visible for XPath: //label[text()='My Requirements ']//following::a[2] (Waited 15 sec)
✅ Successfully clicked element with XPath: //label[text()='My Requirements ']//following::a[2]
✅ Element(s) visible for XPath: //label[text()='Properties found']//preceding::strong[1] (Waited 15 sec)
✅ Element(s) visible for XPath: //label[text()='Properties found']//preceding::strong[1] (Waited 15 sec)
Element with XPath: //label[text()='Properties found']//preceding::strong[1] is displayed: true
Retrieved text from element with XPath: //label[text()='Properties found']//preceding::strong[1]. Text: 4,176
✅ Element(s) visible for XPath: //label[text()='Sort by']//following::a[1] (Waited 15 sec)
✅ Element clickable for XPath: //label[text()='Sort by']//following::a[1] (Waited 15 sec)
✅ Successfully clicked element with XPath: //label[text()='Sort by']//following::a[1]
✅ Element(s) visible for XPath: //label[text()='Sort by']//following::a[3] (Waited 15 sec)
✅ Element clickable for XPath: //label[text()='Sort by']//following::a[3] (Waited 15 sec)
✅ Successfully clicked element with XPath: //label[text()='Sort by']//following::a[3]
✅ Element(s) visible for XPath: //label[text()='Sort by']//following::span[1] (Waited 15 sec)
✅ Element clickable for XPath: //label[text()='Sort by']//following::span[1] (Waited 15 sec)
✅ Successfully clicked element with XPath: //label[text()='Sort by']//following::span[1]]]>
  </system-out>
</testsuite> <!-- tests.BuyTest -->
