<?xml version="1.0" encoding="UTF-8"?>
<!-- Generated by org.testng.reporters.JUnitReportReporter -->
<testsuite hostname="DESKTOP-9AK11MP" failures="0" tests="4" name="testNGExam.FacebookLoginTest" time="26.607" errors="0" timestamp="2024-10-16T09:19:31 IST" skipped="0">
  <testcase classname="testNGExam.FacebookLoginTest" name="verifyLoginfun" time="5.646"/>
  <system-out>
    <![CDATA[Verifying with invalid passaword.
Validation msg: Find your account and log in.
Invalid credentials.]]>
  </system-out>
  <testcase classname="testNGExam.FacebookLoginTest" name="verifyLoginfun" time="5.637"/>
  <system-out>
    <![CDATA[Verifying with invalid email.
Validation msg: Create a new Facebook account.
Invalid credentials.]]>
  </system-out>
  <testcase classname="testNGExam.FacebookLoginTest" name="verifyLoginfun" time="9.885"/>
  <system-out>
    <![CDATA[Verifying with invalid email and passaword.
Validation msg: Find your account and log in.
Invalid credentials.]]>
  </system-out>
  <testcase classname="testNGExam.FacebookLoginTest" name="verifyLoginfun" time="5.439"/>
  <system-out>
    <![CDATA[Verifying with blank fields.
Validation msg: Find your account and log in.
Invalid credentials.]]>
  </system-out>
</testsuite> <!-- testNGExam.FacebookLoginTest -->
