<?xml version="1.0" encoding="UTF-8"?>
<!-- Generated by org.testng.reporters.JUnitReportReporter -->
<testsuite hostname="DESKTOP-FUGQNF4" failures="0" tests="2" name="tests.LeaveTest" time="15.462" errors="0" timestamp="2024-11-12T09:35:03 IST" skipped="0">
  <testcase classname="tests.LeaveTest" name="verifyLeavefunUnderLeave" time="8.830">
    <system-out>
      <![CDATA[Clicked successfully on element with XPath: //span[text()='Leave']
Clicked successfully on element with XPath: //*[contains(text(),'Apply')]
Clicked successfully on element with XPath: //i[@class='oxd-icon bi-caret-down-fill oxd-select-text--arrow']
Clicked successfully on element with XPath: //*[contains(text(),'CAN')]
Entered value: 2024-08-04 successfully into element with XPath: //div[@class='oxd-date-input']/input
Entered value: This is my personal leave .  successfully into element with XPath: //div[@class='oxd-date-input']//following::textarea
Clicked successfully on element with XPath: //button[@type='submit']]]>
    </system-out>
  </testcase> <!-- verifyLeavefunUnderLeave -->
  <testcase classname="tests.LeaveTest" name="verifyCancelfunUnderLeave" time="6.632">
    <system-out>
      <![CDATA[Clicked successfully on element with XPath: //span[text()='Leave']
Element not found with XPath: //i[@class='oxd-icon bi-three-dots-vertical']
Element not found with XPath: //*[text()='Cancel Leave']]]>
    </system-out>
  </testcase> <!-- verifyCancelfunUnderLeave -->
  <system-out>
    <![CDATA[Clicked successfully on element with XPath: //span[text()='Leave']
Clicked successfully on element with XPath: //*[contains(text(),'Apply')]
Clicked successfully on element with XPath: //i[@class='oxd-icon bi-caret-down-fill oxd-select-text--arrow']
Clicked successfully on element with XPath: //*[contains(text(),'CAN')]
Entered value: 2024-08-04 successfully into element with XPath: //div[@class='oxd-date-input']/input
Entered value: This is my personal leave .  successfully into element with XPath: //div[@class='oxd-date-input']//following::textarea
Clicked successfully on element with XPath: //button[@type='submit']
Clicked successfully on element with XPath: //span[text()='Leave']
Element not found with XPath: //i[@class='oxd-icon bi-three-dots-vertical']
Element not found with XPath: //*[text()='Cancel Leave']]]>
  </system-out>
</testsuite> <!-- tests.LeaveTest -->
