<?xml version="1.0" encoding="UTF-8"?>
<!-- Generated by org.testng.reporters.JUnitReportReporter -->
<testsuite hostname="DESKTOP-D0GUUQ9" failures="0" tests="6" name="tests.BuyTest" time="146.861" errors="0" timestamp="2025-10-30T15:06:39 IST" skipped="5">
  <testcase classname="tests.BuyTest" name="verifyMoreFilterFunctionality" time="146.861">
    <system-out>
      <![CDATA[🔗 Sync initialized with driver instance: ChromeDriver: chrome on windows (af7f71f0a154978d4ef9238ad29415ab)
⏳ Implicit wait set to 5 seconds
✅ Element(s) visible for XPath: //h6[text()='Buy '] (Waited 30 sec)
✅ Element(s) visible for XPath: //h6[text()='Buy '] (Waited 30 sec)
✅ Successfully clicked element with XPath: //h6[text()='Buy ']
⏸️ Thread paused for 3 seconds
 ✅ Buy tab clicked successfully
⏸️ Thread paused for 5 seconds
Retrieved text from element with XPath: //label[text()='My Requirements ']. Text: My Requirements
✅ Element(s) visible for XPath: //label[text()='My Requirements ']//following::span[1] (Waited 30 sec)
✅ Element clickable for XPath: //label[text()='My Requirements ']//following::span[1] (Waited 5 sec)
✅ Successfully clicked element with XPath: //label[text()='My Requirements ']//following::span[1]
⏸️ Thread paused for 5 seconds
✅ Element(s) visible for XPath: //label[text()='My Requirements ']//following::a[2] (Waited 30 sec)
✅ Successfully clicked element with XPath: //label[text()='My Requirements ']//following::a[2]
✅ Element(s) visible for XPath: //label[text()='Properties found']//preceding::strong[1] (Waited 30 sec)
✅ Element(s) visible for XPath: //label[text()='Properties found']//preceding::strong[1] (Waited 30 sec)
Element with XPath: //label[text()='Properties found']//preceding::strong[1] is displayed: true
Retrieved text from element with XPath: //label[text()='Properties found']//preceding::strong[1]. Text: 4,176
✅ Element(s) visible for XPath: //label[text()='More Filters']//following::a[1] (Waited 30 sec)
✅ Element clickable for XPath: //label[text()='More Filters']//following::a[1] (Waited 30 sec)
✅ Successfully clicked element with XPath: //label[text()='More Filters']//following::a[1]
✅ Element(s) visible for XPath: //label[text()='Added to Site']//following::span[1] (Waited 30 sec)
✅ Element clickable for XPath: //label[text()='Added to Site']//following::span[1] (Waited 30 sec)
✅ Successfully clicked element with XPath: //label[text()='Added to Site']//following::span[1]
⏸️ Thread paused for 5 seconds
✅ Element(s) visible for XPath: //label[text()='Added to Site']//following::a[3] (Waited 30 sec)
✅ Element clickable for XPath: //label[text()='Added to Site']//following::a[3] (Waited 30 sec)
✅ Successfully clicked element with XPath: //label[text()='Added to Site']//following::a[3]
✅ Element(s) visible for XPath: //label[text()='Must Haves']//following::a[text()='New Home'][1] (Waited 30 sec)
✅ Element clickable for XPath: //label[text()='Must Haves']//following::a[text()='New Home'][1] (Waited 30 sec)
✅ Successfully clicked element with XPath: //label[text()='Must Haves']//following::a[text()='New Home'][1]
✅ Successfully clicked element with XPath: //a[text()='Close']
✅ Element(s) visible for XPath: //a[text()='Search']//following::a[7] (Waited 30 sec)
✅ Element is visible with XPath: //a[text()='Search']//following::a[7]
✅ Element clickable for XPath: //a[text()='Search']//following::a[7] (Waited 30 sec)
✅ Successfully clicked element with XPath: //a[text()='Search']//following::a[7]
✅ Element is visible with XPath: //h4[text()='Save a Filter']//following::input[1]
✅ Element clickable for XPath: //h4[text()='Save a Filter']//following::input[1] (Waited 30 sec)
✅ Successfully entered value 'test6' into element with XPath: //h4[text()='Save a Filter']//following::input[1]
✅ Element is visible with XPath: //h4[text()='Save a Filter']//following::a[1]
✅ Element clickable for XPath: //h4[text()='Save a Filter']//following::a[1] (Waited 30 sec)
✅ Successfully clicked element with XPath: //h4[text()='Save a Filter']//following::a[1]
✅ Element(s) visible for XPath: //a[text()='Search'] (Waited 30 sec)
✅ Element clickable for XPath: //a[text()='Search'] (Waited 30 sec)
⚠️ Click intercepted by another element. XPath: //a[text()='Search']
✅ Element(s) visible for XPath: //label[text()='Properties found']//preceding::strong[1] (Waited 30 sec)
✅ Element(s) visible for XPath: //label[text()='Properties found']//preceding::strong[1] (Waited 30 sec)
Element with XPath: //label[text()='Properties found']//preceding::strong[1] is displayed: true
Retrieved text from element with XPath: //label[text()='Properties found']//preceding::strong[1]. Text: 354
⏸️ Thread paused for 5 seconds
⏳ Implicit wait set to 5 seconds
✅ Element(s) visible for XPath: //a[text()='Dashboard'] (Waited 30 sec)
✅ Element clickable for XPath: //a[text()='Dashboard'] (Waited 30 sec)
✅ Successfully clicked element with XPath: //a[text()='Dashboard']
⏸️ Thread paused for 5 seconds
❌ Timeout: Element(s) not visible within 30 sec for XPath: //div[contains(text(),'No. of properties matching')]
Retrieved text from element with XPath: //span[contains(text(),'No. of properties ')]//following::div[contains(@class,'dasboard_list_inner bg_white txr font-600')][9]. Text: 44 (38.6%)
Retrieved text from element with XPath: //span[contains(text(),'No. of properties ')]//following::div[contains(@class,'dasboard_list_inner bg_white txr font-600')][10]. Text: 117 (12.01%)
Retrieved text from element with XPath: //span[contains(text(),'No. of properties ')]//following::div[contains(@class,'dasboard_list_inner bg_white txr font-600')][11]. Text: 142 (8.67%)
Retrieved text from element with XPath: //span[contains(text(),'No. of properties ')]//following::div[contains(@class,'dasboard_list_inner bg_white txr font-600')][12]. Text: 73 (5.27%)
⏳ Implicit wait set to 5 seconds
✅ Element(s) visible for XPath: //h6[text()='Buy '] (Waited 30 sec)
✅ Element(s) visible for XPath: //h6[text()='Buy '] (Waited 30 sec)
✅ Successfully clicked element with XPath: //h6[text()='Buy ']
⏸️ Thread paused for 3 seconds
 ✅ Buy tab clicked successfully
⏸️ Thread paused for 5 seconds
✅ Element(s) visible for XPath: //button[@id='bed_options_btn'] (Waited 30 sec)
⏳ Implicit wait set to 5 seconds
✅ Element clickable for XPath: //button[@id='bed_options_btn'] (Waited 5 sec)
✅ Successfully clicked element with XPath: //button[@id='bed_options_btn']
⏸️ Thread paused for 5 seconds
✅ Element(s) visible for XPath: //label[text()='Bed Type']//following::label[1] (Waited 30 sec)
✅ Element clickable for XPath: //label[text()='Bed Type']//following::label[1] (Waited 30 sec)
✅ Successfully clicked element with XPath: //label[text()='Bed Type']//following::label[1]
✅ Successfully clicked element with XPath: //label[text()='Bed Type']//following::label[2]
✅ Successfully clicked element with XPath: //label[text()='Bed Type']//following::label[3]
✅ Successfully clicked element with XPath: //label[text()='Bed Type']//following::label[4]
⏸️ Thread paused for 5 seconds
✅ Element(s) visible for XPath: //button[@id='bed_options_btn'] (Waited 30 sec)
⏳ Implicit wait set to 5 seconds
✅ Element clickable for XPath: //button[@id='bed_options_btn'] (Waited 5 sec)
✅ Successfully clicked element with XPath: //button[@id='bed_options_btn']
⏸️ Thread paused for 5 seconds
✅ Element(s) visible for XPath: //button[@id='bed_options_btn'] (Waited 30 sec)
⏳ Implicit wait set to 5 seconds
✅ Element clickable for XPath: //button[@id='bed_options_btn'] (Waited 5 sec)
✅ Successfully clicked element with XPath: //button[@id='bed_options_btn']
⏸️ Thread paused for 5 seconds
✅ Element(s) visible for XPath: //label[text()='Bed Type']//following::label[1] (Waited 30 sec)
✅ Element clickable for XPath: //label[text()='Bed Type']//following::label[1] (Waited 30 sec)
✅ Successfully clicked element with XPath: //label[text()='Bed Type']//following::label[1]
✅ Element(s) visible for XPath: //a[text()='Search'] (Waited 30 sec)
✅ Element clickable for XPath: //a[text()='Search'] (Waited 30 sec)
✅ Successfully clicked element with XPath: //a[text()='Search']
✅ Element(s) visible for XPath: //label[text()='Properties found']//preceding::strong[1] (Waited 30 sec)
✅ Element(s) visible for XPath: //label[text()='Properties found']//preceding::strong[1] (Waited 30 sec)
Element with XPath: //label[text()='Properties found']//preceding::strong[1] is displayed: true
Retrieved text from element with XPath: //label[text()='Properties found']//preceding::strong[1]. Text: 22
⏸️ Thread paused for 5 seconds
✅ Element(s) visible for XPath: //button[@id='bed_options_btn'] (Waited 30 sec)
⏳ Implicit wait set to 5 seconds
✅ Element clickable for XPath: //button[@id='bed_options_btn'] (Waited 5 sec)
✅ Successfully clicked element with XPath: //button[@id='bed_options_btn']
⏸️ Thread paused for 5 seconds
✅ Element(s) visible for XPath: //label[text()='Bed Type']//following::label[1] (Waited 30 sec)
✅ Element clickable for XPath: //label[text()='Bed Type']//following::label[1] (Waited 30 sec)
✅ Successfully clicked element with XPath: //label[text()='Bed Type']//following::label[1]
⏸️ Thread paused for 5 seconds
✅ Element(s) visible for XPath: //label[text()='Bed Type']//following::label[2] (Waited 30 sec)
✅ Element clickable for XPath: //label[text()='Bed Type']//following::label[2] (Waited 30 sec)
✅ Successfully clicked element with XPath: //label[text()='Bed Type']//following::label[2]
✅ Element(s) visible for XPath: //a[text()='Search'] (Waited 30 sec)
✅ Element clickable for XPath: //a[text()='Search'] (Waited 30 sec)
✅ Successfully clicked element with XPath: //a[text()='Search']
✅ Element(s) visible for XPath: //label[text()='Properties found']//preceding::strong[1] (Waited 30 sec)
✅ Element(s) visible for XPath: //label[text()='Properties found']//preceding::strong[1] (Waited 30 sec)
Element with XPath: //label[text()='Properties found']//preceding::strong[1] is displayed: true
Retrieved text from element with XPath: //label[text()='Properties found']//preceding::strong[1]. Text: 117
⏸️ Thread paused for 5 seconds
✅ Element(s) visible for XPath: //button[@id='bed_options_btn'] (Waited 30 sec)
⏳ Implicit wait set to 5 seconds
✅ Element clickable for XPath: //button[@id='bed_options_btn'] (Waited 5 sec)
✅ Successfully clicked element with XPath: //button[@id='bed_options_btn']
⏸️ Thread paused for 5 seconds
✅ Element(s) visible for XPath: //label[text()='Bed Type']//following::label[2] (Waited 30 sec)
✅ Element clickable for XPath: //label[text()='Bed Type']//following::label[2] (Waited 30 sec)
✅ Successfully clicked element with XPath: //label[text()='Bed Type']//following::label[2]
⏸️ Thread paused for 5 seconds
✅ Element(s) visible for XPath: //label[text()='Bed Type']//following::label[3] (Waited 30 sec)
✅ Element clickable for XPath: //label[text()='Bed Type']//following::label[3] (Waited 30 sec)
✅ Successfully clicked element with XPath: //label[text()='Bed Type']//following::label[3]
✅ Element(s) visible for XPath: //a[text()='Search'] (Waited 30 sec)
✅ Element clickable for XPath: //a[text()='Search'] (Waited 30 sec)
✅ Successfully clicked element with XPath: //a[text()='Search']
✅ Element(s) visible for XPath: //label[text()='Properties found']//preceding::strong[1] (Waited 30 sec)
✅ Element(s) visible for XPath: //label[text()='Properties found']//preceding::strong[1] (Waited 30 sec)
Element with XPath: //label[text()='Properties found']//preceding::strong[1] is displayed: true
Retrieved text from element with XPath: //label[text()='Properties found']//preceding::strong[1]. Text: 142
⏸️ Thread paused for 5 seconds
✅ Element(s) visible for XPath: //button[@id='bed_options_btn'] (Waited 30 sec)
⏳ Implicit wait set to 5 seconds
✅ Element clickable for XPath: //button[@id='bed_options_btn'] (Waited 5 sec)
✅ Successfully clicked element with XPath: //button[@id='bed_options_btn']
⏸️ Thread paused for 5 seconds
✅ Element(s) visible for XPath: //label[text()='Bed Type']//following::label[3] (Waited 30 sec)
✅ Element clickable for XPath: //label[text()='Bed Type']//following::label[3] (Waited 30 sec)
✅ Successfully clicked element with XPath: //label[text()='Bed Type']//following::label[3]
⏸️ Thread paused for 5 seconds
✅ Element(s) visible for XPath: //label[text()='Bed Type']//following::label[4] (Waited 30 sec)
✅ Element clickable for XPath: //label[text()='Bed Type']//following::label[4] (Waited 30 sec)
✅ Successfully clicked element with XPath: //label[text()='Bed Type']//following::label[4]
✅ Element(s) visible for XPath: //a[text()='Search'] (Waited 30 sec)
✅ Element clickable for XPath: //a[text()='Search'] (Waited 30 sec)
✅ Successfully clicked element with XPath: //a[text()='Search']
✅ Element(s) visible for XPath: //label[text()='Properties found']//preceding::strong[1] (Waited 30 sec)
✅ Element(s) visible for XPath: //label[text()='Properties found']//preceding::strong[1] (Waited 30 sec)
Element with XPath: //label[text()='Properties found']//preceding::strong[1] is displayed: true
Retrieved text from element with XPath: //label[text()='Properties found']//preceding::strong[1]. Text: 73]]>
    </system-out>
  </testcase> <!-- verifyMoreFilterFunctionality -->
  <testcase classname="tests.BuyTest" name="verifyAicSortingAcending">
    <skipped/>
  </testcase> <!-- verifyAicSortingAcending -->
  <testcase classname="tests.BuyTest" name="verifySortingFunctionality">
    <skipped/>
  </testcase> <!-- verifySortingFunctionality -->
  <testcase classname="tests.BuyTest" name="verifyPropertyCountWithYieldFiltersFunctionality">
    <skipped/>
  </testcase> <!-- verifyPropertyCountWithYieldFiltersFunctionality -->
  <testcase classname="tests.BuyTest" name="closewindowFunctionality">
    <skipped/>
  </testcase> <!-- closewindowFunctionality -->
  <testcase classname="tests.BuyTest" name="verifyAicSortingDescending">
    <skipped/>
  </testcase> <!-- verifyAicSortingDescending -->
  <system-out>
    <![CDATA[🔗 Sync initialized with driver instance: ChromeDriver: chrome on windows (af7f71f0a154978d4ef9238ad29415ab)
⏳ Implicit wait set to 5 seconds
✅ Element(s) visible for XPath: //h6[text()='Buy '] (Waited 30 sec)
✅ Element(s) visible for XPath: //h6[text()='Buy '] (Waited 30 sec)
✅ Successfully clicked element with XPath: //h6[text()='Buy ']
⏸️ Thread paused for 3 seconds
 ✅ Buy tab clicked successfully
⏸️ Thread paused for 5 seconds
Retrieved text from element with XPath: //label[text()='My Requirements ']. Text: My Requirements
✅ Element(s) visible for XPath: //label[text()='My Requirements ']//following::span[1] (Waited 30 sec)
✅ Element clickable for XPath: //label[text()='My Requirements ']//following::span[1] (Waited 5 sec)
✅ Successfully clicked element with XPath: //label[text()='My Requirements ']//following::span[1]
⏸️ Thread paused for 5 seconds
✅ Element(s) visible for XPath: //label[text()='My Requirements ']//following::a[2] (Waited 30 sec)
✅ Successfully clicked element with XPath: //label[text()='My Requirements ']//following::a[2]
✅ Element(s) visible for XPath: //label[text()='Properties found']//preceding::strong[1] (Waited 30 sec)
✅ Element(s) visible for XPath: //label[text()='Properties found']//preceding::strong[1] (Waited 30 sec)
Element with XPath: //label[text()='Properties found']//preceding::strong[1] is displayed: true
Retrieved text from element with XPath: //label[text()='Properties found']//preceding::strong[1]. Text: 4,176
✅ Element(s) visible for XPath: //label[text()='More Filters']//following::a[1] (Waited 30 sec)
✅ Element clickable for XPath: //label[text()='More Filters']//following::a[1] (Waited 30 sec)
✅ Successfully clicked element with XPath: //label[text()='More Filters']//following::a[1]
✅ Element(s) visible for XPath: //label[text()='Added to Site']//following::span[1] (Waited 30 sec)
✅ Element clickable for XPath: //label[text()='Added to Site']//following::span[1] (Waited 30 sec)
✅ Successfully clicked element with XPath: //label[text()='Added to Site']//following::span[1]
⏸️ Thread paused for 5 seconds
✅ Element(s) visible for XPath: //label[text()='Added to Site']//following::a[3] (Waited 30 sec)
✅ Element clickable for XPath: //label[text()='Added to Site']//following::a[3] (Waited 30 sec)
✅ Successfully clicked element with XPath: //label[text()='Added to Site']//following::a[3]
✅ Element(s) visible for XPath: //label[text()='Must Haves']//following::a[text()='New Home'][1] (Waited 30 sec)
✅ Element clickable for XPath: //label[text()='Must Haves']//following::a[text()='New Home'][1] (Waited 30 sec)
✅ Successfully clicked element with XPath: //label[text()='Must Haves']//following::a[text()='New Home'][1]
✅ Successfully clicked element with XPath: //a[text()='Close']
✅ Element(s) visible for XPath: //a[text()='Search']//following::a[7] (Waited 30 sec)
✅ Element is visible with XPath: //a[text()='Search']//following::a[7]
✅ Element clickable for XPath: //a[text()='Search']//following::a[7] (Waited 30 sec)
✅ Successfully clicked element with XPath: //a[text()='Search']//following::a[7]
✅ Element is visible with XPath: //h4[text()='Save a Filter']//following::input[1]
✅ Element clickable for XPath: //h4[text()='Save a Filter']//following::input[1] (Waited 30 sec)
✅ Successfully entered value 'test6' into element with XPath: //h4[text()='Save a Filter']//following::input[1]
✅ Element is visible with XPath: //h4[text()='Save a Filter']//following::a[1]
✅ Element clickable for XPath: //h4[text()='Save a Filter']//following::a[1] (Waited 30 sec)
✅ Successfully clicked element with XPath: //h4[text()='Save a Filter']//following::a[1]
✅ Element(s) visible for XPath: //a[text()='Search'] (Waited 30 sec)
✅ Element clickable for XPath: //a[text()='Search'] (Waited 30 sec)
⚠️ Click intercepted by another element. XPath: //a[text()='Search']
✅ Element(s) visible for XPath: //label[text()='Properties found']//preceding::strong[1] (Waited 30 sec)
✅ Element(s) visible for XPath: //label[text()='Properties found']//preceding::strong[1] (Waited 30 sec)
Element with XPath: //label[text()='Properties found']//preceding::strong[1] is displayed: true
Retrieved text from element with XPath: //label[text()='Properties found']//preceding::strong[1]. Text: 354
⏸️ Thread paused for 5 seconds
⏳ Implicit wait set to 5 seconds
✅ Element(s) visible for XPath: //a[text()='Dashboard'] (Waited 30 sec)
✅ Element clickable for XPath: //a[text()='Dashboard'] (Waited 30 sec)
✅ Successfully clicked element with XPath: //a[text()='Dashboard']
⏸️ Thread paused for 5 seconds
❌ Timeout: Element(s) not visible within 30 sec for XPath: //div[contains(text(),'No. of properties matching')]
Retrieved text from element with XPath: //span[contains(text(),'No. of properties ')]//following::div[contains(@class,'dasboard_list_inner bg_white txr font-600')][9]. Text: 44 (38.6%)
Retrieved text from element with XPath: //span[contains(text(),'No. of properties ')]//following::div[contains(@class,'dasboard_list_inner bg_white txr font-600')][10]. Text: 117 (12.01%)
Retrieved text from element with XPath: //span[contains(text(),'No. of properties ')]//following::div[contains(@class,'dasboard_list_inner bg_white txr font-600')][11]. Text: 142 (8.67%)
Retrieved text from element with XPath: //span[contains(text(),'No. of properties ')]//following::div[contains(@class,'dasboard_list_inner bg_white txr font-600')][12]. Text: 73 (5.27%)
⏳ Implicit wait set to 5 seconds
✅ Element(s) visible for XPath: //h6[text()='Buy '] (Waited 30 sec)
✅ Element(s) visible for XPath: //h6[text()='Buy '] (Waited 30 sec)
✅ Successfully clicked element with XPath: //h6[text()='Buy ']
⏸️ Thread paused for 3 seconds
 ✅ Buy tab clicked successfully
⏸️ Thread paused for 5 seconds
✅ Element(s) visible for XPath: //button[@id='bed_options_btn'] (Waited 30 sec)
⏳ Implicit wait set to 5 seconds
✅ Element clickable for XPath: //button[@id='bed_options_btn'] (Waited 5 sec)
✅ Successfully clicked element with XPath: //button[@id='bed_options_btn']
⏸️ Thread paused for 5 seconds
✅ Element(s) visible for XPath: //label[text()='Bed Type']//following::label[1] (Waited 30 sec)
✅ Element clickable for XPath: //label[text()='Bed Type']//following::label[1] (Waited 30 sec)
✅ Successfully clicked element with XPath: //label[text()='Bed Type']//following::label[1]
✅ Successfully clicked element with XPath: //label[text()='Bed Type']//following::label[2]
✅ Successfully clicked element with XPath: //label[text()='Bed Type']//following::label[3]
✅ Successfully clicked element with XPath: //label[text()='Bed Type']//following::label[4]
⏸️ Thread paused for 5 seconds
✅ Element(s) visible for XPath: //button[@id='bed_options_btn'] (Waited 30 sec)
⏳ Implicit wait set to 5 seconds
✅ Element clickable for XPath: //button[@id='bed_options_btn'] (Waited 5 sec)
✅ Successfully clicked element with XPath: //button[@id='bed_options_btn']
⏸️ Thread paused for 5 seconds
✅ Element(s) visible for XPath: //button[@id='bed_options_btn'] (Waited 30 sec)
⏳ Implicit wait set to 5 seconds
✅ Element clickable for XPath: //button[@id='bed_options_btn'] (Waited 5 sec)
✅ Successfully clicked element with XPath: //button[@id='bed_options_btn']
⏸️ Thread paused for 5 seconds
✅ Element(s) visible for XPath: //label[text()='Bed Type']//following::label[1] (Waited 30 sec)
✅ Element clickable for XPath: //label[text()='Bed Type']//following::label[1] (Waited 30 sec)
✅ Successfully clicked element with XPath: //label[text()='Bed Type']//following::label[1]
✅ Element(s) visible for XPath: //a[text()='Search'] (Waited 30 sec)
✅ Element clickable for XPath: //a[text()='Search'] (Waited 30 sec)
✅ Successfully clicked element with XPath: //a[text()='Search']
✅ Element(s) visible for XPath: //label[text()='Properties found']//preceding::strong[1] (Waited 30 sec)
✅ Element(s) visible for XPath: //label[text()='Properties found']//preceding::strong[1] (Waited 30 sec)
Element with XPath: //label[text()='Properties found']//preceding::strong[1] is displayed: true
Retrieved text from element with XPath: //label[text()='Properties found']//preceding::strong[1]. Text: 22
⏸️ Thread paused for 5 seconds
✅ Element(s) visible for XPath: //button[@id='bed_options_btn'] (Waited 30 sec)
⏳ Implicit wait set to 5 seconds
✅ Element clickable for XPath: //button[@id='bed_options_btn'] (Waited 5 sec)
✅ Successfully clicked element with XPath: //button[@id='bed_options_btn']
⏸️ Thread paused for 5 seconds
✅ Element(s) visible for XPath: //label[text()='Bed Type']//following::label[1] (Waited 30 sec)
✅ Element clickable for XPath: //label[text()='Bed Type']//following::label[1] (Waited 30 sec)
✅ Successfully clicked element with XPath: //label[text()='Bed Type']//following::label[1]
⏸️ Thread paused for 5 seconds
✅ Element(s) visible for XPath: //label[text()='Bed Type']//following::label[2] (Waited 30 sec)
✅ Element clickable for XPath: //label[text()='Bed Type']//following::label[2] (Waited 30 sec)
✅ Successfully clicked element with XPath: //label[text()='Bed Type']//following::label[2]
✅ Element(s) visible for XPath: //a[text()='Search'] (Waited 30 sec)
✅ Element clickable for XPath: //a[text()='Search'] (Waited 30 sec)
✅ Successfully clicked element with XPath: //a[text()='Search']
✅ Element(s) visible for XPath: //label[text()='Properties found']//preceding::strong[1] (Waited 30 sec)
✅ Element(s) visible for XPath: //label[text()='Properties found']//preceding::strong[1] (Waited 30 sec)
Element with XPath: //label[text()='Properties found']//preceding::strong[1] is displayed: true
Retrieved text from element with XPath: //label[text()='Properties found']//preceding::strong[1]. Text: 117
⏸️ Thread paused for 5 seconds
✅ Element(s) visible for XPath: //button[@id='bed_options_btn'] (Waited 30 sec)
⏳ Implicit wait set to 5 seconds
✅ Element clickable for XPath: //button[@id='bed_options_btn'] (Waited 5 sec)
✅ Successfully clicked element with XPath: //button[@id='bed_options_btn']
⏸️ Thread paused for 5 seconds
✅ Element(s) visible for XPath: //label[text()='Bed Type']//following::label[2] (Waited 30 sec)
✅ Element clickable for XPath: //label[text()='Bed Type']//following::label[2] (Waited 30 sec)
✅ Successfully clicked element with XPath: //label[text()='Bed Type']//following::label[2]
⏸️ Thread paused for 5 seconds
✅ Element(s) visible for XPath: //label[text()='Bed Type']//following::label[3] (Waited 30 sec)
✅ Element clickable for XPath: //label[text()='Bed Type']//following::label[3] (Waited 30 sec)
✅ Successfully clicked element with XPath: //label[text()='Bed Type']//following::label[3]
✅ Element(s) visible for XPath: //a[text()='Search'] (Waited 30 sec)
✅ Element clickable for XPath: //a[text()='Search'] (Waited 30 sec)
✅ Successfully clicked element with XPath: //a[text()='Search']
✅ Element(s) visible for XPath: //label[text()='Properties found']//preceding::strong[1] (Waited 30 sec)
✅ Element(s) visible for XPath: //label[text()='Properties found']//preceding::strong[1] (Waited 30 sec)
Element with XPath: //label[text()='Properties found']//preceding::strong[1] is displayed: true
Retrieved text from element with XPath: //label[text()='Properties found']//preceding::strong[1]. Text: 142
⏸️ Thread paused for 5 seconds
✅ Element(s) visible for XPath: //button[@id='bed_options_btn'] (Waited 30 sec)
⏳ Implicit wait set to 5 seconds
✅ Element clickable for XPath: //button[@id='bed_options_btn'] (Waited 5 sec)
✅ Successfully clicked element with XPath: //button[@id='bed_options_btn']
⏸️ Thread paused for 5 seconds
✅ Element(s) visible for XPath: //label[text()='Bed Type']//following::label[3] (Waited 30 sec)
✅ Element clickable for XPath: //label[text()='Bed Type']//following::label[3] (Waited 30 sec)
✅ Successfully clicked element with XPath: //label[text()='Bed Type']//following::label[3]
⏸️ Thread paused for 5 seconds
✅ Element(s) visible for XPath: //label[text()='Bed Type']//following::label[4] (Waited 30 sec)
✅ Element clickable for XPath: //label[text()='Bed Type']//following::label[4] (Waited 30 sec)
✅ Successfully clicked element with XPath: //label[text()='Bed Type']//following::label[4]
✅ Element(s) visible for XPath: //a[text()='Search'] (Waited 30 sec)
✅ Element clickable for XPath: //a[text()='Search'] (Waited 30 sec)
✅ Successfully clicked element with XPath: //a[text()='Search']
✅ Element(s) visible for XPath: //label[text()='Properties found']//preceding::strong[1] (Waited 30 sec)
✅ Element(s) visible for XPath: //label[text()='Properties found']//preceding::strong[1] (Waited 30 sec)
Element with XPath: //label[text()='Properties found']//preceding::strong[1] is displayed: true
Retrieved text from element with XPath: //label[text()='Properties found']//preceding::strong[1]. Text: 73]]>
  </system-out>
</testsuite> <!-- tests.BuyTest -->
