<?xml version="1.0" encoding="UTF-8"?>
<!-- Generated by org.testng.reporters.JUnitReportReporter -->
<testsuite hostname="DESKTOP-9AK11MP" failures="0" tests="4" name="testNGExam.orangeHRMPIMCRUD" time="42.383" errors="0" timestamp="2024-10-23T09:36:01 IST" skipped="0">
  <testcase classname="testNGExam.orangeHRMPIMCRUD" name="addEmployee" time="12.157"/>
  <system-out>
    <![CDATA[Clicked on add employee successfully.
first name entered successfully.
lastname entered successfully.
clicked on save button successfully.]]>
  </system-out>
  <testcase classname="testNGExam.orangeHRMPIMCRUD" name="searchEmployeeNyName" time="6.060"/>
  <system-out>
    <![CDATA[employee Name entered successfully.
clciked on search button successfully.]]>
  </system-out>
  <testcase classname="testNGExam.orangeHRMPIMCRUD" name="updateEmployee" time="18.886"/>
  <system-out>
    <![CDATA[clicked on edit button successfully.
id updated successfully.
employrr details updated successfully.]]>
  </system-out>
  <testcase classname="testNGExam.orangeHRMPIMCRUD" name="deleteEmployee" time="5.280"/>
  <system-out>
    <![CDATA[clicked on delete button successfully.
employee deleted successfully.]]>
  </system-out>
</testsuite> <!-- testNGExam.orangeHRMPIMCRUD -->
