<?xml version="1.0" encoding="UTF-8"?>
<!-- Generated by org.testng.reporters.JUnitReportReporter -->
<testsuite hostname="DESKTOP-D0GUUQ9" failures="0" tests="1" name="tests.QuickSearchTest" time="16.685" errors="0" timestamp="2025-10-16T12:02:16 IST" skipped="0">
  <testcase classname="tests.QuickSearchTest" name="verifyQuickSearchFunctionality" time="16.685">
    <system-out>
      <![CDATA[🔗 Sync initialized with driver instance: ChromeDriver: chrome on windows (a6c9381a50fe0e9c0efa766751fd34a1)
✅ Element(s) visible for XPath: //h6[text()='Quick Search '] (Waited 10 sec)
✅ Successfully clicked element with XPath: //h6[text()='Quick Search ']
⏸️ Thread paused for 5 seconds
✅ Successfully entered value 'HA1' into element with XPath: //label[text()='Property Type']//preceding::input[1]
⏸️ Thread paused for 5 seconds
✅ Successfully clicked element with XPath: //label[text()='Full Postcode']//following::a[1]
⏸️ Thread paused for 5 seconds
✅ Successfully clicked element with XPath: //label[text()='Property Type']//following::span[1]]]>
    </system-out>
  </testcase> <!-- verifyQuickSearchFunctionality -->
  <system-out>
    <![CDATA[🔗 Sync initialized with driver instance: ChromeDriver: chrome on windows (a6c9381a50fe0e9c0efa766751fd34a1)
✅ Element(s) visible for XPath: //h6[text()='Quick Search '] (Waited 10 sec)
✅ Successfully clicked element with XPath: //h6[text()='Quick Search ']
⏸️ Thread paused for 5 seconds
✅ Successfully entered value 'HA1' into element with XPath: //label[text()='Property Type']//preceding::input[1]
⏸️ Thread paused for 5 seconds
✅ Successfully clicked element with XPath: //label[text()='Full Postcode']//following::a[1]
⏸️ Thread paused for 5 seconds
✅ Successfully clicked element with XPath: //label[text()='Property Type']//following::span[1]]]>
  </system-out>
</testsuite> <!-- tests.QuickSearchTest -->
