<?xml version="1.0" encoding="UTF-8"?>
<!-- Generated by org.testng.reporters.JUnitReportReporter -->
<testsuite hostname="DESKTOP-9AK11MP" failures="0" tests="2" name="testNGExam.Apply" time="27.500" errors="0" timestamp="2024-10-19T17:48:27 IST" skipped="0">
  <testcase classname="testNGExam.Apply" name="verifyLogin" time="3.665"/>
  <system-out>
    <![CDATA[UserName entered successfully.
Password entered successfully.
Login successfully.]]>
  </system-out>
  <testcase classname="testNGExam.Apply" name="applyLeave" time="23.835"/>
  <system-out>
    <![CDATA[Click On Leave successfully.
Apply For a Leave successfully.
Apply Leave successfully.
Cancal Leave successfully.]]>
  </system-out>
</testsuite> <!-- testNGExam.Apply -->
