<?xml version="1.0" encoding="UTF-8"?>
<!-- Generated by org.testng.reporters.JUnitReportReporter -->
<testsuite hostname="DESKTOP-D0GUUQ9" failures="0" tests="2" name="tests.BuyTest" time="15.953" errors="0" timestamp="2025-10-24T15:13:26 IST" skipped="1">
  <testcase classname="tests.BuyTest" name="verifyAICSortingFunctionality" time="15.953">
    <system-out>
      <![CDATA[🔗 Sync initialized with driver instance: ChromeDriver: chrome on windows (d50462db8c13e3be7395c5e5d7419c9e)
✅ Element(s) visible for XPath: //h6[text()='Buy '] (Waited 5 sec)
✅ Element(s) visible for XPath: //h6[text()='Buy '] (Waited 5 sec)
✅ Successfully clicked element with XPath: //h6[text()='Buy ']
⏸️ Thread paused for 5 seconds
✅ Element(s) visible for XPath: //label[text()='My Requirements ']//following::span[1] (Waited 10 sec)
✅ Element clickable for XPath: //label[text()='My Requirements ']//following::span[1] (Waited 10 sec)
✅ Successfully clicked element with XPath: //label[text()='My Requirements ']//following::span[1]
⏸️ Thread paused for 5 seconds
✅ Element(s) visible for XPath: //label[text()='My Requirements ']//following::a[2] (Waited 10 sec)
✅ Successfully clicked element with XPath: //label[text()='My Requirements ']//following::a[2]
⏸️ Thread paused for 5 seconds
✅ Element(s) visible for XPath: //label[text()='Properties found']//preceding::strong[1] (Waited 10 sec)
✅ Element is visible with XPath: //label[text()='Properties found']//preceding::strong[1]
✅ Element clickable for XPath: //label[text()='Properties found']//preceding::strong[1] (Waited 10 sec)
Element with XPath: //label[text()='Properties found']//preceding::strong[1] is displayed: true
Retrieved text from element with XPath: //label[text()='Properties found']//preceding::strong[1]. Text: 4,176
✅ Element(s) visible for XPath: //label[text()='Sort by']//following::a[1] (Waited 10 sec)
✅ Element clickable for XPath: //label[text()='Sort by']//following::a[1] (Waited 10 sec)
✅ Successfully clicked element with XPath: //label[text()='Sort by']//following::a[1]
✅ Element(s) visible for XPath: //label[text()='Sort by']//following::a[3] (Waited 10 sec)
✅ Element clickable for XPath: //label[text()='Sort by']//following::a[3] (Waited 10 sec)
✅ Successfully clicked element with XPath: //label[text()='Sort by']//following::a[3]]]>
    </system-out>
  </testcase> <!-- verifyAICSortingFunctionality -->
  <testcase classname="tests.BuyTest" name="verifyBuyFiltersFunctionality">
    <skipped/>
  </testcase> <!-- verifyBuyFiltersFunctionality -->
  <system-out>
    <![CDATA[🔗 Sync initialized with driver instance: ChromeDriver: chrome on windows (d50462db8c13e3be7395c5e5d7419c9e)
✅ Element(s) visible for XPath: //h6[text()='Buy '] (Waited 5 sec)
✅ Element(s) visible for XPath: //h6[text()='Buy '] (Waited 5 sec)
✅ Successfully clicked element with XPath: //h6[text()='Buy ']
⏸️ Thread paused for 5 seconds
✅ Element(s) visible for XPath: //label[text()='My Requirements ']//following::span[1] (Waited 10 sec)
✅ Element clickable for XPath: //label[text()='My Requirements ']//following::span[1] (Waited 10 sec)
✅ Successfully clicked element with XPath: //label[text()='My Requirements ']//following::span[1]
⏸️ Thread paused for 5 seconds
✅ Element(s) visible for XPath: //label[text()='My Requirements ']//following::a[2] (Waited 10 sec)
✅ Successfully clicked element with XPath: //label[text()='My Requirements ']//following::a[2]
⏸️ Thread paused for 5 seconds
✅ Element(s) visible for XPath: //label[text()='Properties found']//preceding::strong[1] (Waited 10 sec)
✅ Element is visible with XPath: //label[text()='Properties found']//preceding::strong[1]
✅ Element clickable for XPath: //label[text()='Properties found']//preceding::strong[1] (Waited 10 sec)
Element with XPath: //label[text()='Properties found']//preceding::strong[1] is displayed: true
Retrieved text from element with XPath: //label[text()='Properties found']//preceding::strong[1]. Text: 4,176
✅ Element(s) visible for XPath: //label[text()='Sort by']//following::a[1] (Waited 10 sec)
✅ Element clickable for XPath: //label[text()='Sort by']//following::a[1] (Waited 10 sec)
✅ Successfully clicked element with XPath: //label[text()='Sort by']//following::a[1]
✅ Element(s) visible for XPath: //label[text()='Sort by']//following::a[3] (Waited 10 sec)
✅ Element clickable for XPath: //label[text()='Sort by']//following::a[3] (Waited 10 sec)
✅ Successfully clicked element with XPath: //label[text()='Sort by']//following::a[3]]]>
  </system-out>
</testsuite> <!-- tests.BuyTest -->
