<?xml version="1.0" encoding="UTF-8"?>
<!-- Generated by org.testng.reporters.JUnitReportReporter -->
<testsuite hostname="DESKTOP-D0GUUQ9" failures="0" tests="1" name="tests.SimplifyQuickSearch" time="5.141" errors="0" timestamp="2025-10-15T12:48:33 IST" skipped="0">
  <testcase classname="tests.SimplifyQuickSearch" name="verifyQuickSearchFunctionality" time="5.141">
    <system-out>
      <![CDATA[Clicked successfully on element with XPath: //h6[text()='Quick Search ']]]>
    </system-out>
  </testcase> <!-- verifyQuickSearchFunctionality -->
  <system-out>
    <![CDATA[Clicked successfully on element with XPath: //h6[text()='Quick Search ']]]>
  </system-out>
</testsuite> <!-- tests.SimplifyQuickSearch -->
