<?xml version="1.0" encoding="UTF-8"?>
<!-- Generated by org.testng.reporters.JUnitReportReporter -->
<testsuite hostname="DESKTOP-9AK11MP" failures="0" tests="1" name="testNGExam.FBLoginPage" time="11.283" errors="0" timestamp="2024-10-09T18:32:12 IST" skipped="0">
  <testcase classname="testNGExam.FBLoginPage" name="verifyLoginfun" time="11.283"/>
  <system-out>
    <![CDATA[UserName entered successfully.
Password entered successfully.
Clicked on login button successfully.
Validation msg: The mobile number you entered isn't connected to an account. Find your account and log in.
Invalid credentials.]]>
  </system-out>
</testsuite> <!-- testNGExam.FBLoginPage -->
