<?xml version="1.0" encoding="UTF-8"?>
<!-- Generated by org.testng.reporters.JUnitReportReporter -->
<testsuite hostname="DESKTOP-9AK11MP" failures="0" tests="1" name="testNGExam.bb" time="15.462" errors="0" timestamp="2024-10-09T08:55:13 IST" skipped="0">
  <testcase classname="testNGExam.bb" name="loginFacebookPage" time="15.462"/>
  <system-out/>
</testsuite> <!-- testNGExam.bb -->
