<?xml version="1.0" encoding="UTF-8"?>
<!-- Generated by org.testng.reporters.JUnitReportReporter -->
<testsuite hostname="DESKTOP-D0GUUQ9" failures="0" tests="2" name="tests.BuyTest" time="15.173" errors="0" timestamp="2025-10-27T15:51:47 IST" skipped="1">
  <testcase classname="tests.BuyTest" name="verifyAICSortingFunctionality" time="15.173">
    <system-out>
      <![CDATA[🔗 Sync initialized with driver instance: ChromeDriver: chrome on windows (e84348b70437f110ee0424dbb37a0b10)
✅ Element(s) visible for XPath: //h6[text()='Buy '] (Waited 15 sec)
✅ Element(s) visible for XPath: //h6[text()='Buy '] (Waited 15 sec)
✅ Successfully clicked element with XPath: //h6[text()='Buy ']
⏸️ Thread paused for 5 seconds
✅ Element(s) visible for XPath: //label[text()='My Requirements ']//following::span[1] (Waited 15 sec)
✅ Element clickable for XPath: //label[text()='My Requirements ']//following::span[1] (Waited 5 sec)
✅ Successfully clicked element with XPath: //label[text()='My Requirements ']//following::span[1]
✅ Element(s) visible for XPath: //label[text()='My Requirements ']//following::a[2] (Waited 15 sec)
✅ Successfully clicked element with XPath: //label[text()='My Requirements ']//following::a[2]
✅ Element(s) visible for XPath: //label[text()='Properties found']//preceding::strong[1] (Waited 15 sec)
✅ Element(s) visible for XPath: //label[text()='Properties found']//preceding::strong[1] (Waited 15 sec)
Element with XPath: //label[text()='Properties found']//preceding::strong[1] is displayed: true
Retrieved text from element with XPath: //label[text()='Properties found']//preceding::strong[1]. Text: 4,176
✅ Element(s) visible for XPath: //label[text()='Sort by']//following::a[1] (Waited 15 sec)
✅ Element clickable for XPath: //label[text()='Sort by']//following::a[1] (Waited 15 sec)
✅ Successfully clicked element with XPath: //label[text()='Sort by']//following::a[1]
✅ Element(s) visible for XPath: //label[text()='Sort by']//following::a[3] (Waited 15 sec)
✅ Element clickable for XPath: //label[text()='Sort by']//following::a[3] (Waited 15 sec)
✅ Successfully clicked element with XPath: //label[text()='Sort by']//following::a[3]
✅ Scrolled by x:0, y:200 pixels.
⏸️ Thread paused for 3 seconds
✅ Screenshot saved: C:\Users\KunalSharma\Documents\WorkSpace\SimplyFind_1.0\reports\screenshots\sorting.png\takeScreenshotForValidateSorting_20251027_155146.png]]>
    </system-out>
  </testcase> <!-- verifyAICSortingFunctionality -->
  <testcase classname="tests.BuyTest" name="verifyBuyFiltersFunctionality">
    <skipped/>
  </testcase> <!-- verifyBuyFiltersFunctionality -->
  <system-out>
    <![CDATA[🔗 Sync initialized with driver instance: ChromeDriver: chrome on windows (e84348b70437f110ee0424dbb37a0b10)
✅ Element(s) visible for XPath: //h6[text()='Buy '] (Waited 15 sec)
✅ Element(s) visible for XPath: //h6[text()='Buy '] (Waited 15 sec)
✅ Successfully clicked element with XPath: //h6[text()='Buy ']
⏸️ Thread paused for 5 seconds
✅ Element(s) visible for XPath: //label[text()='My Requirements ']//following::span[1] (Waited 15 sec)
✅ Element clickable for XPath: //label[text()='My Requirements ']//following::span[1] (Waited 5 sec)
✅ Successfully clicked element with XPath: //label[text()='My Requirements ']//following::span[1]
✅ Element(s) visible for XPath: //label[text()='My Requirements ']//following::a[2] (Waited 15 sec)
✅ Successfully clicked element with XPath: //label[text()='My Requirements ']//following::a[2]
✅ Element(s) visible for XPath: //label[text()='Properties found']//preceding::strong[1] (Waited 15 sec)
✅ Element(s) visible for XPath: //label[text()='Properties found']//preceding::strong[1] (Waited 15 sec)
Element with XPath: //label[text()='Properties found']//preceding::strong[1] is displayed: true
Retrieved text from element with XPath: //label[text()='Properties found']//preceding::strong[1]. Text: 4,176
✅ Element(s) visible for XPath: //label[text()='Sort by']//following::a[1] (Waited 15 sec)
✅ Element clickable for XPath: //label[text()='Sort by']//following::a[1] (Waited 15 sec)
✅ Successfully clicked element with XPath: //label[text()='Sort by']//following::a[1]
✅ Element(s) visible for XPath: //label[text()='Sort by']//following::a[3] (Waited 15 sec)
✅ Element clickable for XPath: //label[text()='Sort by']//following::a[3] (Waited 15 sec)
✅ Successfully clicked element with XPath: //label[text()='Sort by']//following::a[3]
✅ Scrolled by x:0, y:200 pixels.
⏸️ Thread paused for 3 seconds
✅ Screenshot saved: C:\Users\KunalSharma\Documents\WorkSpace\SimplyFind_1.0\reports\screenshots\sorting.png\takeScreenshotForValidateSorting_20251027_155146.png]]>
  </system-out>
</testsuite> <!-- tests.BuyTest -->
