<?xml version="1.0" encoding="UTF-8"?>
<!-- Generated by org.testng.reporters.JUnitReportReporter -->
<testsuite hostname="DESKTOP-D0GUUQ9" failures="0" tests="1" name="tests.QuickSearchTest" time="0.116" errors="0" timestamp="2025-10-15T17:56:47 IST" skipped="0">
  <testcase classname="tests.QuickSearchTest" name="verifyQuickSearchFunctionality" time="0.116">
    <system-out>
      <![CDATA[Clicked successfully on element with XPath: //h6[text()='Quick Search ']]]>
    </system-out>
  </testcase> <!-- verifyQuickSearchFunctionality -->
  <system-out>
    <![CDATA[Clicked successfully on element with XPath: //h6[text()='Quick Search ']]]>
  </system-out>
</testsuite> <!-- tests.QuickSearchTest -->
