<?xml version="1.0" encoding="UTF-8"?>
<!-- Generated by org.testng.reporters.JUnitReportReporter -->
<testsuite hostname="DESKTOP-D0GUUQ9" failures="0" tests="1" name="tests.LenearFlow" time="29.936" errors="0" timestamp="2025-10-15T15:42:49 IST" skipped="0">
  <testcase classname="tests.LenearFlow" name="login" time="29.936"/>
</testsuite> <!-- tests.LenearFlow -->
