<?xml version="1.0" encoding="UTF-8"?>
<!-- Generated by org.testng.reporters.JUnitReportReporter -->
<testsuite hostname="DESKTOP-D0GUUQ9" failures="0" tests="1" name="tests.QuickSearchTest" time="3.646" errors="0" timestamp="2025-10-15T19:40:23 IST" skipped="0">
  <testcase classname="tests.QuickSearchTest" name="verifyQuickSearchFunctionality" time="3.646">
    <system-out>
      <![CDATA[🔗 Sync initialized with driver instance: ChromeDriver: chrome on windows (ed4cc2f7fb207382e249d2a6be0dbb92)
✅ Element(s) visible for XPath: //h6[text()='Quick Search '] (Waited 10 sec)
✅ Successfully clicked element with XPath: //h6[text()='Quick Search ']
✅ Quick Search tab clicked successfully.
✅ Successfully entered value 'HA1 1LG' into element with XPath: //label[text()='Property Type']//preceding::input[1]
✅ Element(s) visible for XPath: //label[text()='Property Type']//preceding::input[1] (Waited 10 sec)
✅ Entered postcode 'HA1 1LG' successfully into the Postcode field.
⚠️ Click intercepted by another element. XPath: //label[text()='Property Type']//following::span[1]
✅ Element(s) visible for XPath: //label[text()='Property Type']//following::span[1] (Waited 10 sec)
✅ Property Type dropdown clicked successfully.]]>
    </system-out>
  </testcase> <!-- verifyQuickSearchFunctionality -->
  <system-out>
    <![CDATA[🔗 Sync initialized with driver instance: ChromeDriver: chrome on windows (ed4cc2f7fb207382e249d2a6be0dbb92)
✅ Element(s) visible for XPath: //h6[text()='Quick Search '] (Waited 10 sec)
✅ Successfully clicked element with XPath: //h6[text()='Quick Search ']
✅ Quick Search tab clicked successfully.
✅ Successfully entered value 'HA1 1LG' into element with XPath: //label[text()='Property Type']//preceding::input[1]
✅ Element(s) visible for XPath: //label[text()='Property Type']//preceding::input[1] (Waited 10 sec)
✅ Entered postcode 'HA1 1LG' successfully into the Postcode field.
⚠️ Click intercepted by another element. XPath: //label[text()='Property Type']//following::span[1]
✅ Element(s) visible for XPath: //label[text()='Property Type']//following::span[1] (Waited 10 sec)
✅ Property Type dropdown clicked successfully.]]>
  </system-out>
</testsuite> <!-- tests.QuickSearchTest -->
