<?xml version="1.0" encoding="UTF-8"?>
<!-- Generated by org.testng.reporters.JUnitReportReporter -->
<testsuite hostname="DESKTOP-D0GUUQ9" failures="0" tests="2" name="tests.BuyTest" time="18.499" errors="0" timestamp="2025-10-24T17:08:07 IST" skipped="1">
  <testcase classname="tests.BuyTest" name="verifyBuyFiltersFunctionality" time="18.499">
    <system-out>
      <![CDATA[🔗 Sync initialized with driver instance: ChromeDriver: chrome on windows (c71d9044fd62dbc550d204be849afb30)
✅ Element(s) visible for XPath: //h6[text()='Buy '] (Waited 15 sec)
✅ Element(s) visible for XPath: //h6[text()='Buy '] (Waited 15 sec)
✅ Successfully clicked element with XPath: //h6[text()='Buy ']
⏸️ Thread paused for 5 seconds
✅ Element(s) visible for XPath: //label[text()='My Requirements ']//following::span[1] (Waited 15 sec)
✅ Element clickable for XPath: //label[text()='My Requirements ']//following::span[1] (Waited 5 sec)
✅ Successfully clicked element with XPath: //label[text()='My Requirements ']//following::span[1]
✅ Element(s) visible for XPath: //label[text()='My Requirements ']//following::a[2] (Waited 15 sec)
✅ Successfully clicked element with XPath: //label[text()='My Requirements ']//following::a[2]
✅ Element(s) visible for XPath: //label[text()='Properties found']//preceding::strong[1] (Waited 15 sec)
✅ Element(s) visible for XPath: //label[text()='Properties found']//preceding::strong[1] (Waited 15 sec)
Element with XPath: //label[text()='Properties found']//preceding::strong[1] is displayed: true
Retrieved text from element with XPath: //label[text()='Properties found']//preceding::strong[1]. Text: 4,176
⏸️ Thread paused for 5 seconds
✅ Element(s) visible for XPath: //label[text()='Yield ']//following::input[1] (Waited 15 sec)
✅ Element is visible with XPath: //label[text()='Yield ']//following::input[1]
✅ Element clickable for XPath: //label[text()='Yield ']//following::input[1] (Waited 15 sec)
✅ Successfully entered value '5.4' into element with XPath: //label[text()='Yield ']//following::input[1]
✅ Element(s) visible for XPath: //a[text()='Search']//following::a[7] (Waited 15 sec)
✅ Element is visible with XPath: //a[text()='Search']//following::a[7]
✅ Element clickable for XPath: //a[text()='Search']//following::a[7] (Waited 15 sec)
✅ Successfully clicked element with XPath: //a[text()='Search']//following::a[7]
✅ Element is visible with XPath: //h4[text()='Save a Filter']//following::input[1]
✅ Element clickable for XPath: //h4[text()='Save a Filter']//following::input[1] (Waited 15 sec)
✅ Successfully entered value 'test1' into element with XPath: //h4[text()='Save a Filter']//following::input[1]
✅ Element is visible with XPath: //h4[text()='Save a Filter']//following::a[1]
✅ Element clickable for XPath: //h4[text()='Save a Filter']//following::a[1] (Waited 15 sec)
✅ Successfully clicked element with XPath: //h4[text()='Save a Filter']//following::a[1]
✅ Element(s) visible for XPath: //a[text()='Search'] (Waited 15 sec)
✅ Element clickable for XPath: //a[text()='Search'] (Waited 15 sec)
⚠️ Click intercepted by another element. XPath: //a[text()='Search']
✅ Element(s) visible for XPath: //label[text()='Properties found']//preceding::strong[1] (Waited 15 sec)
✅ Element(s) visible for XPath: //label[text()='Properties found']//preceding::strong[1] (Waited 15 sec)
Element with XPath: //label[text()='Properties found']//preceding::strong[1] is displayed: true
Retrieved text from element with XPath: //label[text()='Properties found']//preceding::strong[1]. Text: 1,028
✅ Element(s) visible for XPath: //a[text()='Reset'] (Waited 15 sec)
✅ Element clickable for XPath: //a[text()='Reset'] (Waited 15 sec)
✅ Successfully clicked element with XPath: //a[text()='Reset']
✅ Element(s) visible for XPath: //label[text()='Properties found']//preceding::strong[1] (Waited 15 sec)
✅ Element(s) visible for XPath: //label[text()='Properties found']//preceding::strong[1] (Waited 15 sec)
Element with XPath: //label[text()='Properties found']//preceding::strong[1] is displayed: true
Retrieved text from element with XPath: //label[text()='Properties found']//preceding::strong[1]. Text: 4,179]]>
    </system-out>
  </testcase> <!-- verifyBuyFiltersFunctionality -->
  <testcase classname="tests.BuyTest" name="verifyAICSortingFunctionality">
    <skipped/>
  </testcase> <!-- verifyAICSortingFunctionality -->
  <system-out>
    <![CDATA[🔗 Sync initialized with driver instance: ChromeDriver: chrome on windows (c71d9044fd62dbc550d204be849afb30)
✅ Element(s) visible for XPath: //h6[text()='Buy '] (Waited 15 sec)
✅ Element(s) visible for XPath: //h6[text()='Buy '] (Waited 15 sec)
✅ Successfully clicked element with XPath: //h6[text()='Buy ']
⏸️ Thread paused for 5 seconds
✅ Element(s) visible for XPath: //label[text()='My Requirements ']//following::span[1] (Waited 15 sec)
✅ Element clickable for XPath: //label[text()='My Requirements ']//following::span[1] (Waited 5 sec)
✅ Successfully clicked element with XPath: //label[text()='My Requirements ']//following::span[1]
✅ Element(s) visible for XPath: //label[text()='My Requirements ']//following::a[2] (Waited 15 sec)
✅ Successfully clicked element with XPath: //label[text()='My Requirements ']//following::a[2]
✅ Element(s) visible for XPath: //label[text()='Properties found']//preceding::strong[1] (Waited 15 sec)
✅ Element(s) visible for XPath: //label[text()='Properties found']//preceding::strong[1] (Waited 15 sec)
Element with XPath: //label[text()='Properties found']//preceding::strong[1] is displayed: true
Retrieved text from element with XPath: //label[text()='Properties found']//preceding::strong[1]. Text: 4,176
⏸️ Thread paused for 5 seconds
✅ Element(s) visible for XPath: //label[text()='Yield ']//following::input[1] (Waited 15 sec)
✅ Element is visible with XPath: //label[text()='Yield ']//following::input[1]
✅ Element clickable for XPath: //label[text()='Yield ']//following::input[1] (Waited 15 sec)
✅ Successfully entered value '5.4' into element with XPath: //label[text()='Yield ']//following::input[1]
✅ Element(s) visible for XPath: //a[text()='Search']//following::a[7] (Waited 15 sec)
✅ Element is visible with XPath: //a[text()='Search']//following::a[7]
✅ Element clickable for XPath: //a[text()='Search']//following::a[7] (Waited 15 sec)
✅ Successfully clicked element with XPath: //a[text()='Search']//following::a[7]
✅ Element is visible with XPath: //h4[text()='Save a Filter']//following::input[1]
✅ Element clickable for XPath: //h4[text()='Save a Filter']//following::input[1] (Waited 15 sec)
✅ Successfully entered value 'test1' into element with XPath: //h4[text()='Save a Filter']//following::input[1]
✅ Element is visible with XPath: //h4[text()='Save a Filter']//following::a[1]
✅ Element clickable for XPath: //h4[text()='Save a Filter']//following::a[1] (Waited 15 sec)
✅ Successfully clicked element with XPath: //h4[text()='Save a Filter']//following::a[1]
✅ Element(s) visible for XPath: //a[text()='Search'] (Waited 15 sec)
✅ Element clickable for XPath: //a[text()='Search'] (Waited 15 sec)
⚠️ Click intercepted by another element. XPath: //a[text()='Search']
✅ Element(s) visible for XPath: //label[text()='Properties found']//preceding::strong[1] (Waited 15 sec)
✅ Element(s) visible for XPath: //label[text()='Properties found']//preceding::strong[1] (Waited 15 sec)
Element with XPath: //label[text()='Properties found']//preceding::strong[1] is displayed: true
Retrieved text from element with XPath: //label[text()='Properties found']//preceding::strong[1]. Text: 1,028
✅ Element(s) visible for XPath: //a[text()='Reset'] (Waited 15 sec)
✅ Element clickable for XPath: //a[text()='Reset'] (Waited 15 sec)
✅ Successfully clicked element with XPath: //a[text()='Reset']
✅ Element(s) visible for XPath: //label[text()='Properties found']//preceding::strong[1] (Waited 15 sec)
✅ Element(s) visible for XPath: //label[text()='Properties found']//preceding::strong[1] (Waited 15 sec)
Element with XPath: //label[text()='Properties found']//preceding::strong[1] is displayed: true
Retrieved text from element with XPath: //label[text()='Properties found']//preceding::strong[1]. Text: 4,179]]>
  </system-out>
</testsuite> <!-- tests.BuyTest -->
