<?xml version="1.0" encoding="UTF-8"?>
<!-- Generated by org.testng.reporters.JUnitReportReporter -->
<testsuite hostname="DESKTOP-NHV86RI" failures="0" tests="3" name="tests.BuyTest" time="6.357" errors="0" timestamp="2025-10-29T09:51:55 IST" skipped="2">
  <testcase classname="tests.BuyTest" name="verifySortingFunctionality" time="6.357">
    <system-out>
      <![CDATA[🔗 Sync initialized with driver instance: ChromeDriver: chrome on windows (b933cc6f90884aad839a87948bce8158)
⏸️ Thread paused for 3 seconds
✅ Element(s) visible for XPath: //h6[text()='Buy '] (Waited 30 sec)
✅ Element(s) visible for XPath: //h6[text()='Buy '] (Waited 30 sec)
✅ Successfully clicked element with XPath: //h6[text()='Buy ']
⏸️ Thread paused for 3 seconds
 ✅ Buy tab clicked successfully]]>
    </system-out>
  </testcase> <!-- verifySortingFunctionality -->
  <testcase classname="tests.BuyTest" name="verifyPropertyCountWithYieldFiltersFunctionality">
    <skipped/>
  </testcase> <!-- verifyPropertyCountWithYieldFiltersFunctionality -->
  <testcase classname="tests.BuyTest" name="verifyMoreFilterFunctionality">
    <skipped/>
  </testcase> <!-- verifyMoreFilterFunctionality -->
  <system-out>
    <![CDATA[🔗 Sync initialized with driver instance: ChromeDriver: chrome on windows (b933cc6f90884aad839a87948bce8158)
⏸️ Thread paused for 3 seconds
✅ Element(s) visible for XPath: //h6[text()='Buy '] (Waited 30 sec)
✅ Element(s) visible for XPath: //h6[text()='Buy '] (Waited 30 sec)
✅ Successfully clicked element with XPath: //h6[text()='Buy ']
⏸️ Thread paused for 3 seconds
 ✅ Buy tab clicked successfully]]>
  </system-out>
</testsuite> <!-- tests.BuyTest -->
