<?xml version="1.0" encoding="UTF-8"?>
<!-- Generated by org.testng.reporters.JUnitReportReporter -->
<testsuite hostname="DESKTOP-D0GUUQ9" failures="0" tests="1" name="tests.BuyTest" time="15.043" errors="0" timestamp="2025-10-23T19:37:44 IST" skipped="0">
  <testcase classname="tests.BuyTest" name="verifyBuyFiltersFunctionality" time="15.043">
    <system-out>
      <![CDATA[🔗 Sync initialized with driver instance: ChromeDriver: chrome on windows (b517d0f7972b6311b160f7d9347e3fa2)
✅ Element(s) visible for XPath: //h6[text()='Buy '] (Waited 5 sec)
✅ Element(s) visible for XPath: //h6[text()='Buy '] (Waited 5 sec)
✅ Successfully clicked element with XPath: //h6[text()='Buy ']
⏸️ Thread paused for 5 seconds
✅ Element(s) visible for XPath: //label[text()='My Requirements ']//following::span[1] (Waited 10 sec)
✅ Element clickable for XPath: //label[text()='My Requirements ']//following::span[1] (Waited 10 sec)
✅ Successfully clicked element with XPath: //label[text()='My Requirements ']//following::span[1]
✅ Element(s) visible for XPath: //label[text()='My Requirements ']//following::a[2] (Waited 10 sec)
✅ Element is visible with XPath: //label[text()='My Requirements ']//following::a[2]
✅ Element clickable for XPath: //label[text()='My Requirements ']//following::a[2] (Waited 10 sec)
✅ Successfully clicked element with XPath: //label[text()='My Requirements ']//following::a[2]
✅ Element(s) visible for XPath: //label[text()='Properties found']//preceding::strong[1] (Waited 10 sec)
✅ Element clickable for XPath: //label[text()='Properties found']//preceding::strong[1] (Waited 10 sec)
Element with XPath: //label[text()='Properties found']//preceding::strong[1] is displayed: true
Retrieved text from element with XPath: //label[text()='Properties found']//preceding::strong[1]. Text: 4,176
✅ Element(s) visible for XPath: //label[text()='Yield ']//following::input[1] (Waited 10 sec)
✅ Element clickable for XPath: //label[text()='Yield ']//following::input[1] (Waited 10 sec)
✅ Successfully entered value '8' into element with XPath: //label[text()='Yield ']//following::input[1]
✅ Element(s) visible for XPath: //a[text()='Search']//following::a[7] (Waited 10 sec)
✅ Element clickable for XPath: //a[text()='Search']//following::a[7] (Waited 10 sec)
✅ Successfully clicked element with XPath: //a[text()='Search']//following::a[7]
✅ Element clickable for XPath: //h4[text()='Save a Filter']//following::input[1] (Waited 10 sec)
✅ Successfully entered value 'abc' into element with XPath: //h4[text()='Save a Filter']//following::input[1]
✅ Element clickable for XPath: //h4[text()='Save a Filter']//following::a[1] (Waited 10 sec)
✅ Successfully clicked element with XPath: //h4[text()='Save a Filter']//following::a[1]
✅ Element(s) visible for XPath: //a[text()='Search'] (Waited 10 sec)
✅ Element clickable for XPath: //a[text()='Search'] (Waited 10 sec)
⚠️ Click intercepted by another element. XPath: //a[text()='Search']
✅ Element(s) visible for XPath: //label[text()='Properties found']//preceding::strong[1] (Waited 10 sec)
✅ Element clickable for XPath: //label[text()='Properties found']//preceding::strong[1] (Waited 10 sec)
Element with XPath: //label[text()='Properties found']//preceding::strong[1] is displayed: true
Retrieved text from element with XPath: //label[text()='Properties found']//preceding::strong[1]. Text: 187]]>
    </system-out>
  </testcase> <!-- verifyBuyFiltersFunctionality -->
  <system-out>
    <![CDATA[🔗 Sync initialized with driver instance: ChromeDriver: chrome on windows (b517d0f7972b6311b160f7d9347e3fa2)
✅ Element(s) visible for XPath: //h6[text()='Buy '] (Waited 5 sec)
✅ Element(s) visible for XPath: //h6[text()='Buy '] (Waited 5 sec)
✅ Successfully clicked element with XPath: //h6[text()='Buy ']
⏸️ Thread paused for 5 seconds
✅ Element(s) visible for XPath: //label[text()='My Requirements ']//following::span[1] (Waited 10 sec)
✅ Element clickable for XPath: //label[text()='My Requirements ']//following::span[1] (Waited 10 sec)
✅ Successfully clicked element with XPath: //label[text()='My Requirements ']//following::span[1]
✅ Element(s) visible for XPath: //label[text()='My Requirements ']//following::a[2] (Waited 10 sec)
✅ Element is visible with XPath: //label[text()='My Requirements ']//following::a[2]
✅ Element clickable for XPath: //label[text()='My Requirements ']//following::a[2] (Waited 10 sec)
✅ Successfully clicked element with XPath: //label[text()='My Requirements ']//following::a[2]
✅ Element(s) visible for XPath: //label[text()='Properties found']//preceding::strong[1] (Waited 10 sec)
✅ Element clickable for XPath: //label[text()='Properties found']//preceding::strong[1] (Waited 10 sec)
Element with XPath: //label[text()='Properties found']//preceding::strong[1] is displayed: true
Retrieved text from element with XPath: //label[text()='Properties found']//preceding::strong[1]. Text: 4,176
✅ Element(s) visible for XPath: //label[text()='Yield ']//following::input[1] (Waited 10 sec)
✅ Element clickable for XPath: //label[text()='Yield ']//following::input[1] (Waited 10 sec)
✅ Successfully entered value '8' into element with XPath: //label[text()='Yield ']//following::input[1]
✅ Element(s) visible for XPath: //a[text()='Search']//following::a[7] (Waited 10 sec)
✅ Element clickable for XPath: //a[text()='Search']//following::a[7] (Waited 10 sec)
✅ Successfully clicked element with XPath: //a[text()='Search']//following::a[7]
✅ Element clickable for XPath: //h4[text()='Save a Filter']//following::input[1] (Waited 10 sec)
✅ Successfully entered value 'abc' into element with XPath: //h4[text()='Save a Filter']//following::input[1]
✅ Element clickable for XPath: //h4[text()='Save a Filter']//following::a[1] (Waited 10 sec)
✅ Successfully clicked element with XPath: //h4[text()='Save a Filter']//following::a[1]
✅ Element(s) visible for XPath: //a[text()='Search'] (Waited 10 sec)
✅ Element clickable for XPath: //a[text()='Search'] (Waited 10 sec)
⚠️ Click intercepted by another element. XPath: //a[text()='Search']
✅ Element(s) visible for XPath: //label[text()='Properties found']//preceding::strong[1] (Waited 10 sec)
✅ Element clickable for XPath: //label[text()='Properties found']//preceding::strong[1] (Waited 10 sec)
Element with XPath: //label[text()='Properties found']//preceding::strong[1] is displayed: true
Retrieved text from element with XPath: //label[text()='Properties found']//preceding::strong[1]. Text: 187]]>
  </system-out>
</testsuite> <!-- tests.BuyTest -->
