<?xml version="1.0" encoding="UTF-8"?>
<!-- Generated by org.testng.reporters.JUnitReportReporter -->
<testsuite hostname="DESKTOP-9AK11MP" failures="0" tests="9" name="testNGExam.OrangeHRMLoginUsingJunit" time="14.427" errors="0" timestamp="2024-10-08T21:44:48 IST" skipped="7">
  <testcase classname="testNGExam.OrangeHRMLoginUsingJunit" name="doLoginWithInvalidCredential" time="8.478"/>
  <system-out/>
  <testcase classname="testNGExam.OrangeHRMLoginUsingJunit" name="loginTestWithValidCredential" time="5.949"/>
  <system-out/>
  <testcase classname="testNGExam.OrangeHRMLoginUsingJunit" name="searchEmployeeNyName">
    <skipped/>
  </testcase> <!-- searchEmployeeNyName -->
  <system-out/>
  <testcase classname="testNGExam.OrangeHRMLoginUsingJunit" name="ListEmployees">
    <skipped/>
  </testcase> <!-- ListEmployees -->
  <system-out/>
  <testcase classname="testNGExam.OrangeHRMLoginUsingJunit" name="applyLeave">
    <skipped/>
  </testcase> <!-- applyLeave -->
  <system-out/>
  <testcase classname="testNGExam.OrangeHRMLoginUsingJunit" name="addEmployee">
    <skipped/>
  </testcase> <!-- addEmployee -->
  <system-out/>
  <testcase classname="testNGExam.OrangeHRMLoginUsingJunit" name="fileUpload">
    <skipped/>
  </testcase> <!-- fileUpload -->
  <system-out/>
  <testcase classname="testNGExam.OrangeHRMLoginUsingJunit" name="searchEmployeeById">
    <skipped/>
  </testcase> <!-- searchEmployeeById -->
  <system-out/>
  <testcase classname="testNGExam.OrangeHRMLoginUsingJunit" name="deleteEmployee">
    <skipped/>
  </testcase> <!-- deleteEmployee -->
  <system-out/>
</testsuite> <!-- testNGExam.OrangeHRMLoginUsingJunit -->
