<?xml version="1.0" encoding="UTF-8"?>
<!-- Generated by org.testng.reporters.JUnitReportReporter -->
<testsuite hostname="DESKTOP-D0GUUQ9" failures="0" tests="1" name="tests.QuickSearchTest" time="7.178" errors="0" timestamp="2025-10-17T18:17:13 IST" skipped="0">
  <testcase classname="tests.QuickSearchTest" name="verifyQuickSearchFunctionality" time="7.178">
    <system-out>
      <![CDATA[🔗 Sync initialized with driver instance: ChromeDriver: chrome on windows (d7739c00b43e794668e5d61626ab3e87)
✅ Element(s) visible for XPath: //h6[text()='Quick Search '] (Waited 5 sec)
✅ Element clickable for XPath: //h6[text()='Quick Search '] (Waited 5 sec)
✅ Successfully clicked element with XPath: //h6[text()='Quick Search ']
✅ Element clickable for XPath: //label[text()='Full Postcode'] (Waited 30 sec)
Retrieved text from element with XPath: //label[text()='Full Postcode']. Text: Full Postcode
⏸️ Thread paused for 5 seconds
✅ Element is visible with XPath: //label[text()='Property Type']//preceding::input[1]
✅ Element clickable for XPath: //label[text()='Property Type']//preceding::input[1] (Waited 5 sec)
✅ Successfully entered value 'HA1' into element with XPath: //label[text()='Property Type']//preceding::input[1]]]>
    </system-out>
  </testcase> <!-- verifyQuickSearchFunctionality -->
  <system-out>
    <![CDATA[🔗 Sync initialized with driver instance: ChromeDriver: chrome on windows (d7739c00b43e794668e5d61626ab3e87)
✅ Element(s) visible for XPath: //h6[text()='Quick Search '] (Waited 5 sec)
✅ Element clickable for XPath: //h6[text()='Quick Search '] (Waited 5 sec)
✅ Successfully clicked element with XPath: //h6[text()='Quick Search ']
✅ Element clickable for XPath: //label[text()='Full Postcode'] (Waited 30 sec)
Retrieved text from element with XPath: //label[text()='Full Postcode']. Text: Full Postcode
⏸️ Thread paused for 5 seconds
✅ Element is visible with XPath: //label[text()='Property Type']//preceding::input[1]
✅ Element clickable for XPath: //label[text()='Property Type']//preceding::input[1] (Waited 5 sec)
✅ Successfully entered value 'HA1' into element with XPath: //label[text()='Property Type']//preceding::input[1]]]>
  </system-out>
</testsuite> <!-- tests.QuickSearchTest -->
